<?xml version="1.0" encoding="UTF-8"?>
<testsuite xmlns:xsi="http://www.w3.org/2001/XMLSchema-instance" xsi:noNamespaceSchemaLocation="https://maven.apache.org/surefire/maven-surefire-plugin/xsd/surefire-test-report.xsd" name="com.ons.produits.ProduitsApplicationTests" time="9.044" tests="6" errors="2" skipped="0" failures="0">
  <properties>
[...]
</properties>
  <testcase name="testFindByNomProduitContains" classname="com.ons.produits.ProduitsApplicationTests" time="0.848"/>
  <testcase name="testCreateProduit" classname="com.ons.produits.ProduitsApplicationTests" time="0"/>
  <testcase name="testFindProduit" classname="com.ons.produits.ProduitsApplicationTests" time="0.051">
    <error message="No value present" type="java.util.NoSuchElementException">java.util.NoSuchElementException: No value present
	at com.ons.produits.ProduitsApplicationTests.testFindProduit(ProduitsApplicationTests.java:31)
</error>
    <system-out><![CDATA[Hibernate: select p1_0.id_produit,p1_0.date_creation,p1_0.nom_produit,p1_0.prix_produit from produit p1_0 where p1_0.id_produit=?
]]></system-out>
  </testcase>
  <testcase name="testUpdateProduit" classname="com.ons.produits.ProduitsApplicationTests" time="0.007">
    <error message="No value present" type="java.util.NoSuchElementException">java.util.NoSuchElementException: No value present
	at com.ons.produits.ProduitsApplicationTests.testUpdateProduit(ProduitsApplicationTests.java:37)
</error>
    <system-out><![CDATA[Hibernate: select p1_0.id_produit,p1_0.date_creation,p1_0.nom_produit,p1_0.prix_produit from produit p1_0 where p1_0.id_produit=?
]]></system-out>
  </testcase>
  <testcase name="testListerTousProduits" classname="com.ons.produits.ProduitsApplicationTests" time="0.115"/>
  <testcase name="testDeleteProduit" classname="com.ons.produits.ProduitsApplicationTests" time="0"/>
</testsuite>